# JRE version: Java(TM) SE Runtime Environment (8.0_333-b02) (build 1.8.0_333-b02)
# Java VM: Java HotSpot(TM) 64-Bit Server VM (25.333-b02 mixed mode windows-amd64 compressed oops)
Heap:
 PSYoungGen      total 89088K, used 70315K [0x00000000eb580000, 0x00000000f2480000, 0x0000000100000000)
  eden space 81408K, 77% used [0x00000000eb580000,0x00000000ef2e0998,0x00000000f0500000)
  from space 7680K, 97% used [0x00000000f1d00000,0x00000000f244a450,0x00000000f2480000)
  to   space 8704K, 0% used [0x00000000f1380000,0x00000000f1380000,0x00000000f1c00000)
 ParOldGen       total 32768K, used 7289K [0x00000000c2000000, 0x00000000c4000000, 0x00000000eb580000)
  object space 32768K, 22% used [0x00000000c2000000,0x00000000c271e648,0x00000000c4000000)
 Metaspace       used 31483K, capacity 33002K, committed 33152K, reserved 1077248K
  class space    used 4112K, capacity 4455K, committed 4480K, reserved 1048576K
GC Heap History (10 events):
Event: 4.712 GC heap before
{Heap before GC invocations=7 (full 0):
 PSYoungGen      total 35840K, used 35816K [0x00000000eb580000, 0x00000000ee080000, 0x0000000100000000)
  eden space 30720K, 100% used [0x00000000eb580000,0x00000000ed380000,0x00000000ed380000)
  from space 5120K, 99% used [0x00000000ed980000,0x00000000ede7a1d0,0x00000000ede80000)
  to   space 6144K, 0% used [0x00000000ed380000,0x00000000ed380000,0x00000000ed980000)
 ParOldGen       total 42496K, used 4752K [0x00000000c2000000, 0x00000000c4980000, 0x00000000eb580000)
  object space 42496K, 11% used [0x00000000c2000000,0x00000000c24a4140,0x00000000c4980000)
 Metaspace       used 18264K, capacity 19018K, committed 19328K, reserved 1067008K
  class space    used 2215K, capacity 2411K, committed 2432K, reserved 1048576K
Event: 4.723 GC heap after
Heap after GC invocations=7 (full 0):
 PSYoungGen      total 36864K, used 6121K [0x00000000eb580000, 0x00000000f0080000, 0x0000000100000000)
  eden space 30720K, 0% used [0x00000000eb580000,0x00000000eb580000,0x00000000ed380000)
  from space 6144K, 99% used [0x00000000ed380000,0x00000000ed97a5e0,0x00000000ed980000)
  to   space 7680K, 0% used [0x00000000ef900000,0x00000000ef900000,0x00000000f0080000)
 ParOldGen       total 42496K, used 6467K [0x00000000c2000000, 0x00000000c4980000, 0x00000000eb580000)
  object space 42496K, 15% used [0x00000000c2000000,0x00000000c2650f58,0x00000000c4980000)
 Metaspace       used 18264K, capacity 19018K, committed 19328K, reserved 1067008K
  class space    used 2215K, capacity 2411K, committed 2432K, reserved 1048576K
}
Event: 5.164 GC heap before
{Heap before GC invocations=8 (full 0):
 PSYoungGen      total 36864K, used 36841K [0x00000000eb580000, 0x00000000f0080000, 0x0000000100000000)
  eden space 30720K, 100% used [0x00000000eb580000,0x00000000ed380000,0x00000000ed380000)
  from space 6144K, 99% used [0x00000000ed380000,0x00000000ed97a5e0,0x00000000ed980000)
  to   space 7680K, 0% used [0x00000000ef900000,0x00000000ef900000,0x00000000f0080000)
 ParOldGen       total 42496K, used 6467K [0x00000000c2000000, 0x00000000c4980000, 0x00000000eb580000)
  object space 42496K, 15% used [0x00000000c2000000,0x00000000c2650f58,0x00000000c4980000)
 Metaspace       used 19819K, capacity 20612K, committed 20864K, reserved 1067008K
  class space    used 2456K, capacity 2644K, committed 2688K, reserved 1048576K
Event: 5.173 GC heap after
Heap after GC invocations=8 (full 0):
 PSYoungGen      total 68608K, used 5765K [0x00000000eb580000, 0x00000000f0180000, 0x0000000100000000)
  eden space 60928K, 0% used [0x00000000eb580000,0x00000000eb580000,0x00000000ef100000)
  from space 7680K, 75% used [0x00000000ef900000,0x00000000efea1580,0x00000000f0080000)
  to   space 8192K, 0% used [0x00000000ef100000,0x00000000ef100000,0x00000000ef900000)
 ParOldGen       total 42496K, used 7175K [0x00000000c2000000, 0x00000000c4980000, 0x00000000eb580000)
  object space 42496K, 16% used [0x00000000c2000000,0x00000000c2701f88,0x00000000c4980000)
 Metaspace       used 19819K, capacity 20612K, committed 20864K, reserved 1067008K
  class space    used 2456K, capacity 2644K, committed 2688K, reserved 1048576K
}
Event: 5.468 GC heap before
{Heap before GC invocations=9 (full 0):
 PSYoungGen      total 68608K, used 19726K [0x00000000eb580000, 0x00000000f0180000, 0x0000000100000000)
  eden space 60928K, 22% used [0x00000000eb580000,0x00000000ec3225f8,0x00000000ef100000)
  from space 7680K, 75% used [0x00000000ef900000,0x00000000efea1580,0x00000000f0080000)
  to   space 8192K, 0% used [0x00000000ef100000,0x00000000ef100000,0x00000000ef900000)
 ParOldGen       total 42496K, used 7175K [0x00000000c2000000, 0x00000000c4980000, 0x00000000eb580000)
  object space 42496K, 16% used [0x00000000c2000000,0x00000000c2701f88,0x00000000c4980000)
 Metaspace       used 20288K, capacity 21044K, committed 21248K, reserved 1067008K
  class space    used 2509K, capacity 2718K, committed 2816K, reserved 1048576K
Event: 5.475 GC heap after
Heap after GC invocations=9 (full 0):
 PSYoungGen      total 69120K, used 2729K [0x00000000eb580000, 0x00000000f2500000, 0x0000000100000000)
  eden space 60928K, 0% used [0x00000000eb580000,0x00000000eb580000,0x00000000ef100000)
  from space 8192K, 33% used [0x00000000ef100000,0x00000000ef3aa618,0x00000000ef900000)
  to   space 8192K, 0% used [0x00000000f1d00000,0x00000000f1d00000,0x00000000f2500000)
 ParOldGen       total 42496K, used 9039K [0x00000000c2000000, 0x00000000c4980000, 0x00000000eb580000)
  object space 42496K, 21% used [0x00000000c2000000,0x00000000c28d3f88,0x00000000c4980000)
 Metaspace       used 20288K, capacity 21044K, committed 21248K, reserved 1067008K
  class space    used 2509K, capacity 2718K, committed 2816K, reserved 1048576K
}
Event: 5.475 GC heap before
{Heap before GC invocations=10 (full 1):
 PSYoungGen      total 69120K, used 2729K [0x00000000eb580000, 0x00000000f2500000, 0x0000000100000000)
  eden space 60928K, 0% used [0x00000000eb580000,0x00000000eb580000,0x00000000ef100000)
  from space 8192K, 33% used [0x00000000ef100000,0x00000000ef3aa618,0x00000000ef900000)
  to   space 8192K, 0% used [0x00000000f1d00000,0x00000000f1d00000,0x00000000f2500000)
 ParOldGen       total 42496K, used 9039K [0x00000000c2000000, 0x00000000c4980000, 0x00000000eb580000)
  object space 42496K, 21% used [0x00000000c2000000,0x00000000c28d3f88,0x00000000c4980000)
 Metaspace       used 20288K, capacity 21044K, committed 21248K, reserved 1067008K
  class space    used 2509K, capacity 2718K, committed 2816K, reserved 1048576K
Event: 5.532 GC heap after
Heap after GC invocations=10 (full 1):
 PSYoungGen      total 69120K, used 0K [0x00000000eb580000, 0x00000000f2500000, 0x0000000100000000)
  eden space 60928K, 0% used [0x00000000eb580000,0x00000000eb580000,0x00000000ef100000)
  from space 8192K, 0% used [0x00000000ef100000,0x00000000ef100000,0x00000000ef900000)
  to   space 8192K, 0% used [0x00000000f1d00000,0x00000000f1d00000,0x00000000f2500000)
 ParOldGen       total 32768K, used 7281K [0x00000000c2000000, 0x00000000c4000000, 0x00000000eb580000)
  object space 32768K, 22% used [0x00000000c2000000,0x00000000c271c648,0x00000000c4000000)
 Metaspace       used 20288K, capacity 21044K, committed 21248K, reserved 1067008K
  class space    used 2509K, capacity 2718K, committed 2816K, reserved 1048576K
}
Event: 8.979 GC heap before
{Heap before GC invocations=11 (full 1):
 PSYoungGen      total 69120K, used 60928K [0x00000000eb580000, 0x00000000f2500000, 0x0000000100000000)
  eden space 60928K, 100% used [0x00000000eb580000,0x00000000ef100000,0x00000000ef100000)
  from space 8192K, 0% used [0x00000000ef100000,0x00000000ef100000,0x00000000ef900000)
  to   space 8192K, 0% used [0x00000000f1d00000,0x00000000f1d00000,0x00000000f2500000)
 ParOldGen       total 32768K, used 7281K [0x00000000c2000000, 0x00000000c4000000, 0x00000000eb580000)
  object space 32768K, 22% used [0x00000000c2000000,0x00000000c271c648,0x00000000c4000000)
 Metaspace       used 29096K, capacity 30344K, committed 30464K, reserved 1075200K
  class space    used 3772K, capacity 4092K, committed 4096K, reserved 1048576K
Event: 8.994 GC heap after
Heap after GC invocations=11 (full 1):
 PSYoungGen      total 89088K, used 7465K [0x00000000eb580000, 0x00000000f2480000, 0x0000000100000000)
  eden space 81408K, 0% used [0x00000000eb580000,0x00000000eb580000,0x00000000f0500000)
  from space 7680K, 97% used [0x00000000f1d00000,0x00000000f244a450,0x00000000f2480000)
  to   space 8704K, 0% used [0x00000000f1380000,0x00000000f1380000,0x00000000f1c00000)
 ParOldGen       total 32768K, used 7289K [0x00000000c2000000, 0x00000000c4000000, 0x00000000eb580000)
  object space 32768K, 22% used [0x00000000c2000000,0x00000000c271e648,0x00000000c4000000)
 Metaspace       used 29096K, capacity 30344K, committed 30464K, reserved 1075200K
  class space    used 3772K, capacity 4092K, committed 4096K, reserved 1048576K
}

